#
# A fatal error has been detected by the Java Runtime Environment:
#
#  EXCEPTION_ACCESS_VIOLATION (0xc0000005) at pc=0x00007ffe9c8f80e8, pid=11964, tid=0x00000000000008d8
#
# JRE version: Java(TM) SE Runtime Environment (8.0_161-b12) (build 1.8.0_161-b12)
# Java VM: Java HotSpot(TM) 64-Bit Server VM (25.161-b12 mixed mode windows-amd64 compressed oops)
# Problematic frame:
# C  [ntdll.dll+0x80e8]
#
# Failed to write core dump. Minidumps are not enabled by default on client versions of Windows
#
# If you would like to submit a bug report, please visit:
#   http://bugreport.java.com/bugreport/crash.jsp
# The crash happened outside the Java Virtual Machine in native code.
# See problematic frame for where to report the bug.
#

---------------  T H R E A D  ---------------

Current thread (0x00000000201fa000):  JavaThread "GameThread" [_thread_in_native, id=2264, stack(0x0000000021ab0000,0x0000000021bb0000)]

siginfo: ExceptionCode=0xc0000005, reading address 0x00007ffe76cb1124

Registers:
RAX=0x0000000000002c49, RBX=0x0000000021bade10, RCX=0x000000000000b130, RDX=0x0000000000000ec4
RSP=0x0000000021bad7f0, RBP=0x0000000000000000, RSI=0x00007ffe76ca6000, RDI=0x00000000000154c9
R8 =0x00007ffe76b20000, R9 =0x0000000000000013, R10=0x000000000000000b, R11=0x00007ffe9ca5f4e0
R12=0x00007ffe76b354c9, R13=0x0000000021bae430, R14=0x0000000021bad898, R15=0x0000000021bae7b0
RIP=0x00007ffe9c8f80e8, EFLAGS=0x0000000000010206

Top of Stack: (sp=0x0000000021bad7f0)
0x0000000021bad7f0:   0000000021bade10 0000000000000000
0x0000000021bad800:   0000000000000000 0000000021bae430
0x0000000021bad810:   00007ffe76ca6000 00007ffe76b20000
0x0000000021bad820:   0000b13000197000 0000000021bad940
0x0000000021bad830:   0000000021bade10 00007ffe9c8f69aa
0x0000000021bad840:   0000000021bad940 0000000021badf40
0x0000000021bad850:   00007ffe9ca519c0 0000000000000000
0x0000000021bad860:   000000000250c398 0000000060953a35
0x0000000021bad870:   0000000023b6ded8 00000000620125b9
0x0000000021bad880:   00000000201e8800 00007ffe9ca519c0
0x0000000021bad890:   0000000000000000 00007ffe76b20000
0x0000000021bad8a0:   0000000021bae7b0 00007ffe00000000
0x0000000021bad8b0:   0000000000000000 00000000620123da
0x0000000021bad8c0:   0000000021bae430 0000000000000000
0x0000000021bad8d0:   0000000021bade10 0000000021badf40
0x0000000021bad8e0:   0000000021ba2000 0000000021bb0000 

Instructions: (pc=0x00007ffe9c8f80e8)
0x00007ffe9c8f80c8:   aa 4c 8b 44 24 28 33 ed 48 f7 e1 4d 89 06 48 c1
0x00007ffe9c8f80d8:   ea 03 85 d2 74 60 8d 42 ff 49 2b f8 48 8d 04 40
0x00007ffe9c8f80e8:   44 8b 1c 86 4c 8d 14 86 49 3b fb 73 35 44 8d 42
0x00007ffe9c8f80f8:   fe 44 8b cd 45 85 c0 78 29 43 8d 04 08 d1 f8 48 


Register to memory mapping:

RAX=0x0000000000002c49 is an unknown value
RBX=0x0000000021bade10 is pointing into the stack for thread: 0x00000000201fa000
RCX=0x000000000000b130 is an unknown value
RDX=0x0000000000000ec4 is an unknown value
RSP=0x0000000021bad7f0 is pointing into the stack for thread: 0x00000000201fa000
RBP=0x0000000000000000 is an unknown value
RSI=0x00007ffe76ca6000 is an unknown value
RDI=0x00000000000154c9 is an unknown value
R8 =0x00007ffe76b20000 is an unknown value
R9 =0x0000000000000013 is an unknown value
R10=0x000000000000000b is an unknown value
R11=0x00007ffe9ca5f4e0 is an unknown value
R12=0x00007ffe76b354c9 is an unknown value
R13=0x0000000021bae430 is pointing into the stack for thread: 0x00000000201fa000
R14=0x0000000021bad898 is pointing into the stack for thread: 0x00000000201fa000
R15=0x0000000021bae7b0 is pointing into the stack for thread: 0x00000000201fa000


Stack: [0x0000000021ab0000,0x0000000021bb0000],  sp=0x0000000021bad7f0,  free space=1013k
Native frames: (J=compiled Java code, j=interpreted, Vv=VM code, C=native code)

Java frames: (J=compiled Java code, j=interpreted, Vv=VM code)
j  sun.java2d.d3d.D3DSurfaceData.initOps(III)V+0
j  sun.java2d.d3d.D3DSurfaceData.<init>(Lsun/awt/windows/WComponentPeer;Lsun/java2d/d3d/D3DGraphicsConfig;IILjava/awt/Image;Ljava/awt/image/ColorModel;IILsun/java2d/pipe/hw/ExtendedBufferCapabilities$VSyncType;I)V+76
j  sun.java2d.d3d.D3DSurfaceData.createData(Lsun/awt/windows/WComponentPeer;Ljava/awt/Image;)Lsun/java2d/d3d/D3DSurfaceData;+117
j  sun.java2d.d3d.D3DVolatileSurfaceManager.initAcceleratedSurface()Lsun/java2d/SurfaceData;+59
j  sun.java2d.d3d.D3DVolatileSurfaceManager.restoreAcceleratedSurface()V+62
j  sun.awt.image.VolatileSurfaceManager.validate(Ljava/awt/GraphicsConfiguration;)I+94
j  sun.awt.image.SunVolatileImage.validate(Ljava/awt/GraphicsConfiguration;)I+5
j  java.awt.Component$FlipBufferStrategy.revalidate(Z)V+82
j  java.awt.Component$FlipBufferStrategy.revalidate()V+2
j  java.awt.Component$FlipBufferStrategy.getDrawGraphics()Ljava/awt/Graphics;+1
j  com.cmbstnengine.game.GamePanel.draw()V+16
j  com.cmbstnengine.game.GamePanel.run()V+169
j  java.lang.Thread.run()V+11
v  ~StubRoutines::call_stub

---------------  P R O C E S S  ---------------

Java Threads: ( => current thread )
  0x00000000240e5000 JavaThread "Thread-0" daemon [_thread_in_native, id=13112, stack(0x0000000032c10000,0x0000000032d10000)]
  0x00000000240e3800 JavaThread "Direct Clip" daemon [_thread_blocked, id=2608, stack(0x0000000032910000,0x0000000032a10000)]
  0x00000000240e6800 JavaThread "Direct Clip" daemon [_thread_blocked, id=6444, stack(0x000000002f370000,0x000000002f470000)]
  0x00000000240e5800 JavaThread "Direct Clip" daemon [_thread_blocked, id=6212, stack(0x000000002f170000,0x000000002f270000)]
  0x00000000240e9800 JavaThread "Direct Clip" daemon [_thread_blocked, id=4088, stack(0x000000002ef70000,0x000000002f070000)]
  0x00000000230e4000 JavaThread "Direct Clip" daemon [_thread_blocked, id=2244, stack(0x000000002ed70000,0x000000002ee70000)]
  0x00000000233b1800 JavaThread "Direct Clip" daemon [_thread_blocked, id=9924, stack(0x000000002eb70000,0x000000002ec70000)]
  0x00000000233b1000 JavaThread "Direct Clip" daemon [_thread_blocked, id=2320, stack(0x000000002e970000,0x000000002ea70000)]
  0x00000000233ae000 JavaThread "Direct Clip" daemon [_thread_blocked, id=2152, stack(0x000000002e770000,0x000000002e870000)]
  0x00000000233a4000 JavaThread "Direct Clip" daemon [_thread_blocked, id=9232, stack(0x000000002e570000,0x000000002e670000)]
  0x00000000233ae800 JavaThread "Direct Clip" daemon [_thread_blocked, id=14540, stack(0x000000002e470000,0x000000002e570000)]
  0x00000000233ad000 JavaThread "Direct Clip" daemon [_thread_blocked, id=980, stack(0x000000002add0000,0x000000002aed0000)]
  0x00000000233ac800 JavaThread "Direct Clip" daemon [_thread_blocked, id=1476, stack(0x000000002abd0000,0x000000002acd0000)]
  0x00000000233b0000 JavaThread "Direct Clip" daemon [_thread_blocked, id=6296, stack(0x000000002a9d0000,0x000000002aad0000)]
  0x00000000233a5000 JavaThread "Direct Clip" daemon [_thread_blocked, id=6320, stack(0x000000002a7d0000,0x000000002a8d0000)]
  0x00000000233a7000 JavaThread "Direct Clip" daemon [_thread_blocked, id=9612, stack(0x000000002a5d0000,0x000000002a6d0000)]
  0x00000000233ab800 JavaThread "Direct Clip" daemon [_thread_blocked, id=2564, stack(0x000000002a3d0000,0x000000002a4d0000)]
  0x00000000233ab000 JavaThread "Direct Clip" daemon [_thread_blocked, id=6048, stack(0x000000002a1d0000,0x000000002a2d0000)]
  0x00000000233a3800 JavaThread "Direct Clip" daemon [_thread_blocked, id=15436, stack(0x0000000029fd0000,0x000000002a0d0000)]
  0x00000000233aa000 JavaThread "Direct Clip" daemon [_thread_blocked, id=7368, stack(0x0000000029dd0000,0x0000000029ed0000)]
  0x00000000233a8000 JavaThread "Direct Clip" daemon [_thread_blocked, id=4360, stack(0x0000000029bd0000,0x0000000029cd0000)]
  0x00000000233a9800 JavaThread "Direct Clip" daemon [_thread_blocked, id=7004, stack(0x00000000299d0000,0x0000000029ad0000)]
  0x00000000233a8800 JavaThread "Direct Clip" daemon [_thread_blocked, id=12116, stack(0x00000000297d0000,0x00000000298d0000)]
  0x00000000233a5800 JavaThread "Direct Clip" daemon [_thread_blocked, id=12748, stack(0x00000000295d0000,0x00000000296d0000)]
  0x00000000233a2800 JavaThread "Direct Clip" daemon [_thread_blocked, id=1368, stack(0x00000000293d0000,0x00000000294d0000)]
  0x00000000233a6800 JavaThread "Direct Clip" daemon [_thread_blocked, id=2144, stack(0x00000000291d0000,0x00000000292d0000)]
  0x00000000230e5000 JavaThread "Direct Clip" daemon [_thread_blocked, id=1996, stack(0x0000000028fd0000,0x00000000290d0000)]
  0x00000000230e8800 JavaThread "Direct Clip" daemon [_thread_blocked, id=13944, stack(0x0000000028dd0000,0x0000000028ed0000)]
  0x00000000230e5800 JavaThread "Direct Clip" daemon [_thread_blocked, id=15260, stack(0x0000000028bd0000,0x0000000028cd0000)]
  0x00000000230ea000 JavaThread "Direct Clip" daemon [_thread_blocked, id=9504, stack(0x00000000289d0000,0x0000000028ad0000)]
  0x00000000230e8000 JavaThread "Direct Clip" daemon [_thread_blocked, id=14972, stack(0x00000000287d0000,0x00000000288d0000)]
  0x00000000230e9800 JavaThread "Direct Clip" daemon [_thread_blocked, id=7028, stack(0x00000000285d0000,0x00000000286d0000)]
  0x00000000230e7000 JavaThread "Direct Clip" daemon [_thread_blocked, id=15176, stack(0x00000000283d0000,0x00000000284d0000)]
  0x00000000230eb000 JavaThread "Direct Clip" daemon [_thread_blocked, id=232, stack(0x00000000281d0000,0x00000000282d0000)]
  0x000000002043e800 JavaThread "Direct Clip" daemon [_thread_in_vm, id=14228, stack(0x0000000022a40000,0x0000000022b40000)]
  0x00000000202c5000 JavaThread "Java Sound Event Dispatcher" daemon [_thread_blocked, id=3964, stack(0x0000000022540000,0x0000000022640000)]
  0x000000000250e000 JavaThread "DestroyJavaVM" [_thread_blocked, id=12712, stack(0x0000000000ae0000,0x0000000000be0000)]
=>0x00000000201fa000 JavaThread "GameThread" [_thread_in_native, id=2264, stack(0x0000000021ab0000,0x0000000021bb0000)]
  0x00000000201f0000 JavaThread "AWT-EventQueue-0" [_thread_blocked, id=5816, stack(0x00000000219b0000,0x0000000021ab0000)]
  0x0000000018c21800 JavaThread "AWT-Shutdown" [_thread_blocked, id=14060, stack(0x00000000193a0000,0x00000000194a0000)]
  0x0000000018c1d000 JavaThread "Java2D Disposer" daemon [_thread_blocked, id=14864, stack(0x00000000192a0000,0x00000000193a0000)]
  0x0000000018847800 JavaThread "Service Thread" daemon [_thread_blocked, id=13008, stack(0x0000000018e40000,0x0000000018f40000)]
  0x0000000018842800 JavaThread "C1 CompilerThread2" daemon [_thread_blocked, id=14028, stack(0x0000000018d40000,0x0000000018e40000)]
  0x000000001710e000 JavaThread "C2 CompilerThread1" daemon [_thread_blocked, id=2624, stack(0x0000000018c40000,0x0000000018d40000)]
  0x00000000170ad000 JavaThread "C2 CompilerThread0" daemon [_thread_blocked, id=13976, stack(0x0000000018740000,0x0000000018840000)]
  0x00000000170ab000 JavaThread "Attach Listener" daemon [_thread_blocked, id=3460, stack(0x0000000018640000,0x0000000018740000)]
  0x00000000170aa000 JavaThread "Signal Dispatcher" daemon [_thread_blocked, id=9160, stack(0x0000000018540000,0x0000000018640000)]
  0x000000001709a800 JavaThread "Finalizer" daemon [_thread_blocked, id=4660, stack(0x0000000018340000,0x0000000018440000)]
  0x0000000002490800 JavaThread "Reference Handler" daemon [_thread_blocked, id=15184, stack(0x0000000018240000,0x0000000018340000)]

Other Threads:
  0x0000000017078000 VMThread [stack: 0x0000000018140000,0x0000000018240000] [id=6684]
  0x000000001884a800 WatcherThread [stack: 0x0000000019080000,0x0000000019180000] [id=15324]

VM state:not at safepoint (normal execution)

VM Mutex/Monitor currently owned by a thread: None

Heap:
 PSYoungGen      total 312832K, used 74850K [0x00000000d5b80000, 0x00000000ec100000, 0x0000000100000000)
  eden space 281088K, 25% used [0x00000000d5b80000,0x00000000da11a8d8,0x00000000e6e00000)
  from space 31744K, 11% used [0x00000000ea200000,0x00000000ea57df28,0x00000000ec100000)
  to   space 42496K, 0% used [0x00000000e6e00000,0x00000000e6e00000,0x00000000e9780000)
 ParOldGen       total 185344K, used 98234K [0x0000000081200000, 0x000000008c700000, 0x00000000d5b80000)
  object space 185344K, 53% used [0x0000000081200000,0x00000000871ee9d8,0x000000008c700000)
 Metaspace       used 12898K, capacity 13154K, committed 13440K, reserved 1060864K
  class space    used 1494K, capacity 1567K, committed 1664K, reserved 1048576K

Card table byte_map: [0x00000000118f0000,0x0000000011cf0000] byte_map_base: 0x00000000114e7000

Marking Bits: (ParMarkBitMap*) 0x00000000626ff860
 Begin Bits: [0x00000000123a0000, 0x0000000014358000)
 End Bits:   [0x0000000014358000, 0x0000000016310000)

Polling page: 0x0000000000700000

CodeCache: size=245760Kb used=7271Kb max_used=7283Kb free=238488Kb
 bounds [0x0000000002530000, 0x0000000002cb0000, 0x0000000011530000]
 total_blobs=2306 nmethods=1787 adapters=431
 compilation: enabled

Compilation events (10 events):
Event: 91.463 Thread 0x00000000170ad000 2062       4       com.cmbstnengine.game.GamePanel::render (55 bytes)
Event: 91.471 Thread 0x000000001710e000 2063       4       com.cmbstnengine.game.GamePanel::draw (82 bytes)
Event: 91.472 Thread 0x00000000170ad000 nmethod 2062 0x00000000027c8b90 code [0x00000000027c8dc0, 0x00000000027c95e0]
Event: 91.488 Thread 0x00000000170ad000 2064       4       java.awt.Component$FlipBufferStrategy::getDrawGraphics (12 bytes)
Event: 91.492 Thread 0x00000000170ad000 nmethod 2064 0x00000000028fa990 code [0x00000000028fab20, 0x00000000028fb028]
Event: 91.492 Thread 0x00000000170ad000 2065       4       java.awt.Component$FlipBufferStrategy::show (12 bytes)
Event: 91.493 Thread 0x000000001710e000 nmethod 2063 0x0000000002862a90 code [0x0000000002862e40, 0x0000000002865038]
Event: 91.496 Thread 0x00000000170ad000 nmethod 2065 0x00000000027e5550 code [0x00000000027e56e0, 0x00000000027e5c68]
Event: 91.881 Thread 0x000000001710e000 2066       4       com.cmbstnengine.game.entity.Player::input (436 bytes)
Event: 91.884 Thread 0x000000001710e000 nmethod 2066 0x00000000028718d0 code [0x0000000002871a40, 0x0000000002871de8]

GC Heap History (10 events):
Event: 7.909 GC heap before
{Heap before GC invocations=7 (full 1):
 PSYoungGen      total 94208K, used 94187K [0x00000000d5b80000, 0x00000000e5a80000, 0x0000000100000000)
  eden space 89088K, 100% used [0x00000000d5b80000,0x00000000db280000,0x00000000db280000)
  from space 5120K, 99% used [0x00000000db280000,0x00000000db77ae38,0x00000000db780000)
  to   space 53760K, 0% used [0x00000000e2600000,0x00000000e2600000,0x00000000e5a80000)
 ParOldGen       total 185344K, used 88872K [0x0000000081200000, 0x000000008c700000, 0x00000000d5b80000)
  object space 185344K, 47% used [0x0000000081200000,0x00000000868ca100,0x000000008c700000)
 Metaspace       used 12741K, capacity 13026K, committed 13184K, reserved 1060864K
  class space    used 1467K, capacity 1567K, committed 1664K, reserved 1048576K
Event: 7.915 GC heap after
Heap after GC invocations=7 (full 1):
 PSYoungGen      total 189952K, used 8972K [0x00000000d5b80000, 0x00000000e4e80000, 0x0000000100000000)
  eden space 148480K, 0% used [0x00000000d5b80000,0x00000000d5b80000,0x00000000dec80000)
  from space 41472K, 21% used [0x00000000e2600000,0x00000000e2ec3368,0x00000000e4e80000)
  to   space 50176K, 0% used [0x00000000dec80000,0x00000000dec80000,0x00000000e1d80000)
 ParOldGen       total 185344K, used 88880K [0x0000000081200000, 0x000000008c700000, 0x00000000d5b80000)
  object space 185344K, 47% used [0x0000000081200000,0x00000000868cc100,0x000000008c700000)
 Metaspace       used 12741K, capacity 13026K, committed 13184K, reserved 1060864K
  class space    used 1467K, capacity 1567K, committed 1664K, reserved 1048576K
}
Event: 21.819 GC heap before
{Heap before GC invocations=8 (full 1):
 PSYoungGen      total 189952K, used 157452K [0x00000000d5b80000, 0x00000000e4e80000, 0x0000000100000000)
  eden space 148480K, 100% used [0x00000000d5b80000,0x00000000dec80000,0x00000000dec80000)
  from space 41472K, 21% used [0x00000000e2600000,0x00000000e2ec3368,0x00000000e4e80000)
  to   space 50176K, 0% used [0x00000000dec80000,0x00000000dec80000,0x00000000e1d80000)
 ParOldGen       total 185344K, used 88880K [0x0000000081200000, 0x000000008c700000, 0x00000000d5b80000)
  object space 185344K, 47% used [0x0000000081200000,0x00000000868cc100,0x000000008c700000)
 Metaspace       used 12763K, capacity 13026K, committed 13184K, reserved 1060864K
  class space    used 1467K, capacity 1567K, committed 1664K, reserved 1048576K
Event: 21.826 GC heap after
Heap after GC invocations=8 (full 1):
 PSYoungGen      total 198656K, used 7876K [0x00000000d5b80000, 0x00000000ea080000, 0x0000000100000000)
  eden space 148480K, 0% used [0x00000000d5b80000,0x00000000d5b80000,0x00000000dec80000)
  from space 50176K, 15% used [0x00000000dec80000,0x00000000df431270,0x00000000e1d80000)
  to   space 47616K, 0% used [0x00000000e7200000,0x00000000e7200000,0x00000000ea080000)
 ParOldGen       total 185344K, used 89736K [0x0000000081200000, 0x000000008c700000, 0x00000000d5b80000)
  object space 185344K, 48% used [0x0000000081200000,0x00000000869a2110,0x000000008c700000)
 Metaspace       used 12763K, capacity 13026K, committed 13184K, reserved 1060864K
  class space    used 1467K, capacity 1567K, committed 1664K, reserved 1048576K
}
Event: 36.702 GC heap before
{Heap before GC invocations=9 (full 1):
 PSYoungGen      total 198656K, used 156356K [0x00000000d5b80000, 0x00000000ea080000, 0x0000000100000000)
  eden space 148480K, 100% used [0x00000000d5b80000,0x00000000dec80000,0x00000000dec80000)
  from space 50176K, 15% used [0x00000000dec80000,0x00000000df431270,0x00000000e1d80000)
  to   space 47616K, 0% used [0x00000000e7200000,0x00000000e7200000,0x00000000ea080000)
 ParOldGen       total 185344K, used 89736K [0x0000000081200000, 0x000000008c700000, 0x00000000d5b80000)
  object space 185344K, 48% used [0x0000000081200000,0x00000000869a2110,0x000000008c700000)
 Metaspace       used 12763K, capacity 13026K, committed 13184K, reserved 1060864K
  class space    used 1467K, capacity 1567K, committed 1664K, reserved 1048576K
Event: 36.710 GC heap after
Heap after GC invocations=9 (full 1):
 PSYoungGen      total 259584K, used 6926K [0x00000000d5b80000, 0x00000000e9180000, 0x0000000100000000)
  eden space 227328K, 0% used [0x00000000d5b80000,0x00000000d5b80000,0x00000000e3980000)
  from space 32256K, 21% used [0x00000000e7200000,0x00000000e78c3b78,0x00000000e9180000)
  to   space 45056K, 0% used [0x00000000e3980000,0x00000000e3980000,0x00000000e6580000)
 ParOldGen       total 185344K, used 92099K [0x0000000081200000, 0x000000008c700000, 0x00000000d5b80000)
  object space 185344K, 49% used [0x0000000081200000,0x0000000086bf0f28,0x000000008c700000)
 Metaspace       used 12763K, capacity 13026K, committed 13184K, reserved 1060864K
  class space    used 1467K, capacity 1567K, committed 1664K, reserved 1048576K
}
Event: 59.988 GC heap before
{Heap before GC invocations=10 (full 1):
 PSYoungGen      total 259584K, used 234254K [0x00000000d5b80000, 0x00000000e9180000, 0x0000000100000000)
  eden space 227328K, 100% used [0x00000000d5b80000,0x00000000e3980000,0x00000000e3980000)
  from space 32256K, 21% used [0x00000000e7200000,0x00000000e78c3b78,0x00000000e9180000)
  to   space 45056K, 0% used [0x00000000e3980000,0x00000000e3980000,0x00000000e6580000)
 ParOldGen       total 185344K, used 92099K [0x0000000081200000, 0x000000008c700000, 0x00000000d5b80000)
  object space 185344K, 49% used [0x0000000081200000,0x0000000086bf0f28,0x000000008c700000)
 Metaspace       used 12854K, capacity 13090K, committed 13440K, reserved 1060864K
  class space    used 1491K, capacity 1567K, committed 1664K, reserved 1048576K
Event: 59.999 GC heap after
Heap after GC invocations=10 (full 1):
 PSYoungGen      total 272384K, used 3543K [0x00000000d5b80000, 0x00000000ecd00000, 0x0000000100000000)
  eden space 227328K, 0% used [0x00000000d5b80000,0x00000000d5b80000,0x00000000e3980000)
  from space 45056K, 7% used [0x00000000e3980000,0x00000000e3cf5f28,0x00000000e6580000)
  to   space 44032K, 0% used [0x00000000ea200000,0x00000000ea200000,0x00000000ecd00000)
 ParOldGen       total 185344K, used 98234K [0x0000000081200000, 0x000000008c700000, 0x00000000d5b80000)
  object space 185344K, 53% used [0x0000000081200000,0x00000000871ee9d8,0x000000008c700000)
 Metaspace       used 12854K, capacity 13090K, committed 13440K, reserved 1060864K
  class space    used 1491K, capacity 1567K, committed 1664K, reserved 1048576K
}
Event: 85.978 GC heap before
{Heap before GC invocations=11 (full 1):
 PSYoungGen      total 272384K, used 230871K [0x00000000d5b80000, 0x00000000ecd00000, 0x0000000100000000)
  eden space 227328K, 100% used [0x00000000d5b80000,0x00000000e3980000,0x00000000e3980000)
  from space 45056K, 7% used [0x00000000e3980000,0x00000000e3cf5f28,0x00000000e6580000)
  to   space 44032K, 0% used [0x00000000ea200000,0x00000000ea200000,0x00000000ecd00000)
 ParOldGen       total 185344K, used 98234K [0x0000000081200000, 0x000000008c700000, 0x00000000d5b80000)
  object space 185344K, 53% used [0x0000000081200000,0x00000000871ee9d8,0x000000008c700000)
 Metaspace       used 12856K, capacity 13090K, committed 13440K, reserved 1060864K
  class space    used 1491K, capacity 1567K, committed 1664K, reserved 1048576K
Event: 85.992 GC heap after
Heap after GC invocations=11 (full 1):
 PSYoungGen      total 312832K, used 3575K [0x00000000d5b80000, 0x00000000ec100000, 0x0000000100000000)
  eden space 281088K, 0% used [0x00000000d5b80000,0x00000000d5b80000,0x00000000e6e00000)
  from space 31744K, 11% used [0x00000000ea200000,0x00000000ea57df28,0x00000000ec100000)
  to   space 42496K, 0% used [0x00000000e6e00000,0x00000000e6e00000,0x00000000e9780000)
 ParOldGen       total 185344K, used 98234K [0x0000000081200000, 0x000000008c700000, 0x00000000d5b80000)
  object space 185344K, 53% used [0x0000000081200000,0x00000000871ee9d8,0x000000008c700000)
 Metaspace       used 12856K, capacity 13090K, committed 13440K, reserved 1060864K
  class space    used 1491K, capacity 1567K, committed 1664K, reserved 1048576K
}

Deoptimization events (10 events):
Event: 91.564 Thread 0x00000000201fa000 Uncommon trap: reason=class_check action=maybe_recompile pc=0x00000000029da940 method=com.cmbstnengine.game.ui.components.GButton.update()V @ 188
Event: 92.672 Thread 0x0000000018c22800 Uncommon trap: reason=class_check action=maybe_recompile pc=0x000000000265932c method=sun.awt.SunToolkit.getAppContext(Ljava/lang/Object;)Lsun/awt/AppContext; @ 11
Event: 92.672 Thread 0x0000000018c22800 Uncommon trap: reason=class_check action=maybe_recompile pc=0x00000000028aade4 method=sun.awt.SunToolkit.getAppContext(Ljava/lang/Object;)Lsun/awt/AppContext; @ 11
Event: 92.672 Thread 0x00000000201f0000 Uncommon trap: reason=class_check action=maybe_recompile pc=0x00000000027e9b3c method=java.awt.EventQueue.coalesceEvent(Ljava/awt/AWTEvent;I)Z @ 32
Event: 92.672 Thread 0x00000000201f0000 Uncommon trap: reason=class_check action=maybe_recompile pc=0x00000000028dd7c4 method=java.awt.EventQueue.getAccessControlContextFrom(Ljava/lang/Object;)Ljava/security/AccessControlContext; @ 8
Event: 92.672 Thread 0x00000000201f0000 Uncommon trap: reason=class_check action=maybe_recompile pc=0x0000000002886534 method=java.awt.EventQueue.dispatchEventImpl(Ljava/awt/AWTEvent;Ljava/lang/Object;)V @ 30
Event: 92.672 Thread 0x00000000201f0000 Uncommon trap: reason=class_check action=maybe_recompile pc=0x00000000027d09ec method=java.awt.EventQueue.setCurrentEventAndMostRecentTimeImpl(Ljava/awt/AWTEvent;)V @ 128
Event: 92.673 Thread 0x00000000240e8000 Uncommon trap: reason=class_check action=maybe_recompile pc=0x0000000002860ba0 method=java.util.AbstractCollection.toArray([Ljava/lang/Object;)[Ljava/lang/Object; @ 1
Event: 92.689 Thread 0x00000000201fa000 Uncommon trap: reason=unstable_if action=reinterpret pc=0x0000000002864104 method=sun.awt.image.VolatileSurfaceManager.validate(Ljava/awt/GraphicsConfiguration;)I @ 90
Event: 92.689 Thread 0x00000000201fa000 Uncommon trap: reason=class_check action=maybe_recompile pc=0x0000000002b57a2c method=sun.java2d.Disposer.add(Ljava/lang/Object;Lsun/java2d/DisposerRecord;)V @ 8

Classes redefined (0 events):
No events

Internal exceptions (10 events):
Event: 0.115 Thread 0x000000000250e000 Exception <a 'java/security/PrivilegedActionException'> (0x00000000d5cea830) thrown at [C:\re\workspace\8-2-build-windows-amd64-cygwin\jdk8u161\10277\hotspot\src\share\vm\prims\jvm.cpp, line 1390]
Event: 0.115 Thread 0x000000000250e000 Exception <a 'java/security/PrivilegedActionException'> (0x00000000d5ceaa40) thrown at [C:\re\workspace\8-2-build-windows-amd64-cygwin\jdk8u161\10277\hotspot\src\share\vm\prims\jvm.cpp, line 1390]
Event: 0.116 Thread 0x000000000250e000 Exception <a 'java/security/PrivilegedActionException'> (0x00000000d5cee6b0) thrown at [C:\re\workspace\8-2-build-windows-amd64-cygwin\jdk8u161\10277\hotspot\src\share\vm\prims\jvm.cpp, line 1390]
Event: 0.116 Thread 0x000000000250e000 Exception <a 'java/security/PrivilegedActionException'> (0x00000000d5cee8c0) thrown at [C:\re\workspace\8-2-build-windows-amd64-cygwin\jdk8u161\10277\hotspot\src\share\vm\prims\jvm.cpp, line 1390]
Event: 0.119 Thread 0x000000000250e000 Exception <a 'java/io/FileNotFoundException'> (0x00000000d5cf1768) thrown at [C:\re\workspace\8-2-build-windows-amd64-cygwin\jdk8u161\10277\hotspot\src\share\vm\prims\jni.cpp, line 709]
Event: 0.150 Thread 0x000000000250e000 Exception <a 'java/lang/NoSuchFieldError': method resolution failed> (0x00000000d5dc1e38) thrown at [C:\re\workspace\8-2-build-windows-amd64-cygwin\jdk8u161\10277\hotspot\src\share\vm\prims\methodHandles.cpp, line 1167]
Event: 0.154 Thread 0x000000000250e000 Exception <a 'java/lang/NoSuchFieldError': method resolution failed> (0x00000000d5dcf208) thrown at [C:\re\workspace\8-2-build-windows-amd64-cygwin\jdk8u161\10277\hotspot\src\share\vm\prims\methodHandles.cpp, line 1167]
Event: 0.197 Thread 0x000000000250e000 Exception <a 'java/io/FileNotFoundException'> (0x00000000d5e68bc0) thrown at [C:\re\workspace\8-2-build-windows-amd64-cygwin\jdk8u161\10277\hotspot\src\share\vm\prims\jni.cpp, line 709]
Event: 7.923 Thread 0x000000001709a800 Implicit null exception at 0x000000000264ff21 to 0x0000000002650175
Event: 7.924 Thread 0x00000000201fa000 Implicit null exception at 0x0000000002b76699 to 0x0000000002b78565

Events (10 events):
Event: 92.673 loading class java/util/WeakHashMap$KeyIterator done
Event: 92.673 Thread 0x00000000240e8000 Thread exited: 0x00000000240e8000
Event: 92.674 loading class sun/java2d/pipe/hw/AccelDeviceEventNotifier
Event: 92.674 loading class sun/java2d/pipe/hw/AccelDeviceEventNotifier done
Event: 92.689 Thread 0x00000000201fa000 Uncommon trap: trap_request=0xffffff65 fr.pc=0x0000000002864104
Event: 92.689 Thread 0x00000000201fa000 DEOPT PACKING pc=0x0000000002864104 sp=0x0000000021baed30
Event: 92.689 Thread 0x00000000201fa000 DEOPT UNPACKING pc=0x000000000257583b sp=0x0000000021baeb88 mode 2
Event: 92.689 Thread 0x00000000201fa000 Uncommon trap: trap_request=0xffffffde fr.pc=0x0000000002b57a2c
Event: 92.689 Thread 0x00000000201fa000 DEOPT PACKING pc=0x0000000002b57a2c sp=0x0000000021bae210
Event: 92.689 Thread 0x00000000201fa000 DEOPT UNPACKING pc=0x000000000257583b sp=0x0000000021bae168 mode 2


Dynamic libraries:
0x00007ff789ef0000 - 0x00007ff789f27000 	C:\Program Files\Java\jre1.8.0_161\bin\javaw.exe
0x00007ffe9c8f0000 - 0x00007ffe9cad1000 	C:\WINDOWS\SYSTEM32\ntdll.dll
0x00007ffe9a5a0000 - 0x00007ffe9a652000 	C:\WINDOWS\System32\KERNEL32.DLL
0x00007ffe991d0000 - 0x00007ffe99443000 	C:\WINDOWS\System32\KERNELBASE.dll
0x00007ffe9aa40000 - 0x00007ffe9aae1000 	C:\WINDOWS\System32\ADVAPI32.dll
0x00007ffe9c810000 - 0x00007ffe9c8ae000 	C:\WINDOWS\System32\msvcrt.dll
0x00007ffe9c7b0000 - 0x00007ffe9c80b000 	C:\WINDOWS\System32\sechost.dll
0x00007ffe9a910000 - 0x00007ffe9aa34000 	C:\WINDOWS\System32\RPCRT4.dll
0x00007ffe9c3c0000 - 0x00007ffe9c550000 	C:\WINDOWS\System32\USER32.dll
0x00007ffe99d60000 - 0x00007ffe99d80000 	C:\WINDOWS\System32\win32u.dll
0x00007ffe9a570000 - 0x00007ffe9a598000 	C:\WINDOWS\System32\GDI32.dll
0x00007ffe98fe0000 - 0x00007ffe99172000 	C:\WINDOWS\System32\gdi32full.dll
0x00007ffe99c60000 - 0x00007ffe99cff000 	C:\WINDOWS\System32\msvcp_win.dll
0x00007ffe99b60000 - 0x00007ffe99c5a000 	C:\WINDOWS\System32\ucrtbase.dll
0x00007ffe8b960000 - 0x00007ffe8bbc9000 	C:\WINDOWS\WinSxS\amd64_microsoft.windows.common-controls_6595b64144ccf1df_6.0.17134.112_none_fb3f961b30681c12\COMCTL32.dll
0x00007ffe9aaf0000 - 0x00007ffe9ae13000 	C:\WINDOWS\System32\combase.dll
0x00007ffe98f60000 - 0x00007ffe98fda000 	C:\WINDOWS\System32\bcryptPrimitives.dll
0x00007ffe9c760000 - 0x00007ffe9c78d000 	C:\WINDOWS\System32\IMM32.DLL
0x0000000060920000 - 0x00000000609f2000 	C:\Program Files\Java\jre1.8.0_161\bin\msvcr100.dll
0x0000000061ee0000 - 0x000000006277f000 	C:\Program Files\Java\jre1.8.0_161\bin\server\jvm.dll
0x00007ffe9c3b0000 - 0x00007ffe9c3b8000 	C:\WINDOWS\System32\PSAPI.DLL
0x00007ffe81fd0000 - 0x00007ffe81fd9000 	C:\WINDOWS\SYSTEM32\WSOCK32.dll
0x00007ffe9c6f0000 - 0x00007ffe9c75c000 	C:\WINDOWS\System32\WS2_32.dll
0x00007ffe96e70000 - 0x00007ffe96e93000 	C:\WINDOWS\SYSTEM32\WINMM.dll
0x00007ffe929d0000 - 0x00007ffe929da000 	C:\WINDOWS\SYSTEM32\VERSION.dll
0x00007ffe96d50000 - 0x00007ffe96d7a000 	C:\WINDOWS\SYSTEM32\WINMMBASE.dll
0x00007ffe99180000 - 0x00007ffe991c9000 	C:\WINDOWS\System32\cfgmgr32.dll
0x0000000061df0000 - 0x0000000061dff000 	C:\Program Files\Java\jre1.8.0_161\bin\verify.dll
0x0000000061dc0000 - 0x0000000061de9000 	C:\Program Files\Java\jre1.8.0_161\bin\java.dll
0x0000000061da0000 - 0x0000000061db6000 	C:\Program Files\Java\jre1.8.0_161\bin\zip.dll
0x00007ffe9ae80000 - 0x00007ffe9c2c0000 	C:\WINDOWS\System32\SHELL32.dll
0x00007ffe99de0000 - 0x00007ffe99e89000 	C:\WINDOWS\System32\shcore.dll
0x00007ffe99450000 - 0x00007ffe99b5d000 	C:\WINDOWS\System32\windows.storage.dll
0x00007ffe99d80000 - 0x00007ffe99dd1000 	C:\WINDOWS\System32\shlwapi.dll
0x00007ffe98c50000 - 0x00007ffe98c61000 	C:\WINDOWS\System32\kernel.appcore.dll
0x00007ffe98c30000 - 0x00007ffe98c4f000 	C:\WINDOWS\System32\profapi.dll
0x00007ffe98c70000 - 0x00007ffe98cbc000 	C:\WINDOWS\System32\powrprof.dll
0x00007ffe98c20000 - 0x00007ffe98c2a000 	C:\WINDOWS\System32\FLTLIB.DLL
0x0000000060780000 - 0x0000000060918000 	C:\Program Files\Java\jre1.8.0_161\bin\awt.dll
0x00007ffe9a660000 - 0x00007ffe9a722000 	C:\WINDOWS\System32\OLEAUT32.dll
0x00007ffe96fb0000 - 0x00007ffe9703b000 	C:\WINDOWS\SYSTEM32\apphelp.dll
0x00007ffe97390000 - 0x00007ffe973b9000 	C:\WINDOWS\system32\DWMAPI.DLL
0x00007ffe972c0000 - 0x00007ffe97358000 	C:\WINDOWS\system32\uxtheme.dll
0x00007ffe89a70000 - 0x00007ffe89b90000 	C:\WINDOWS\system32\opengl32.dll
0x00007ffe949b0000 - 0x00007ffe949dc000 	C:\WINDOWS\SYSTEM32\GLU32.dll
0x00007ffe9a730000 - 0x00007ffe9a8a5000 	C:\WINDOWS\System32\MSCTF.dll
0x00007ffe9a390000 - 0x00007ffe9a4e1000 	C:\WINDOWS\System32\ole32.dll
0x0000000061a60000 - 0x0000000061aa7000 	C:\Program Files\Java\jre1.8.0_161\bin\fontmanager.dll
0x00007ffe885b0000 - 0x00007ffe88648000 	C:\WINDOWS\System32\TextInputFramework.dll
0x00007ffe96920000 - 0x00007ffe969fa000 	C:\WINDOWS\System32\CoreMessaging.dll
0x00007ffe92b40000 - 0x00007ffe92e5e000 	C:\WINDOWS\System32\CoreUIComponents.dll
0x00007ffe97cf0000 - 0x00007ffe97d21000 	C:\WINDOWS\SYSTEM32\ntmarta.dll
0x00007ffe94af0000 - 0x00007ffe94c3d000 	C:\WINDOWS\SYSTEM32\wintypes.dll
0x0000000061a50000 - 0x0000000061a5c000 	C:\Program Files\Java\jre1.8.0_161\bin\jsound.dll
0x0000000061a40000 - 0x0000000061a4b000 	C:\Program Files\Java\jre1.8.0_161\bin\jsoundds.dll
0x00007ffe68830000 - 0x00007ffe688bf000 	C:\WINDOWS\SYSTEM32\DSOUND.dll
0x00007ffe93300000 - 0x00007ffe93376000 	C:\WINDOWS\SYSTEM32\MMDevAPI.DLL
0x00007ffe98a10000 - 0x00007ffe98a37000 	C:\WINDOWS\SYSTEM32\DEVOBJ.dll
0x00007ffe95550000 - 0x00007ffe95704000 	C:\WINDOWS\SYSTEM32\PROPSYS.dll
0x00007ffe88fa0000 - 0x00007ffe88fe4000 	C:\WINDOWS\SYSTEM32\wdmaud.drv
0x00007ffe821a0000 - 0x00007ffe821a9000 	C:\WINDOWS\SYSTEM32\ksuser.dll
0x00007ffe93030000 - 0x00007ffe9303a000 	C:\WINDOWS\SYSTEM32\AVRT.dll
0x00007ffe98630000 - 0x00007ffe98647000 	C:\WINDOWS\SYSTEM32\CRYPTSP.dll
0x00007ffe98060000 - 0x00007ffe98093000 	C:\WINDOWS\system32\rsaenh.dll
0x00007ffe98760000 - 0x00007ffe98785000 	C:\WINDOWS\SYSTEM32\bcrypt.dll
0x00007ffe98b30000 - 0x00007ffe98b58000 	C:\WINDOWS\SYSTEM32\USERENV.dll
0x00007ffe98650000 - 0x00007ffe9865b000 	C:\WINDOWS\SYSTEM32\CRYPTBASE.dll
0x0000000061d80000 - 0x0000000061d9a000 	C:\Program Files\Java\jre1.8.0_161\bin\net.dll
0x00007ffe98480000 - 0x00007ffe984e6000 	C:\WINDOWS\system32\mswsock.dll
0x00007ffe98200000 - 0x00007ffe98238000 	C:\WINDOWS\SYSTEM32\IPHLPAPI.DLL
0x00007ffe9a2e0000 - 0x00007ffe9a2e8000 	C:\WINDOWS\System32\NSI.dll
0x00007ffe93ea0000 - 0x00007ffe93eb6000 	C:\WINDOWS\SYSTEM32\dhcpcsvc6.DLL
0x00007ffe93e50000 - 0x00007ffe93e6a000 	C:\WINDOWS\SYSTEM32\dhcpcsvc.DLL
0x00007ffe78130000 - 0x00007ffe7825c000 	C:\WINDOWS\SYSTEM32\AUDIOSES.DLL
0x00007ffe894c0000 - 0x00007ffe894cd000 	C:\WINDOWS\SYSTEM32\msacm32.drv
0x00007ffe88f80000 - 0x00007ffe88f9c000 	C:\WINDOWS\SYSTEM32\MSACM32.dll
0x00007ffe88f70000 - 0x00007ffe88f7a000 	C:\WINDOWS\SYSTEM32\midimap.dll
0x00007ffe9a2f0000 - 0x00007ffe9a390000 	C:\WINDOWS\System32\clbcatq.dll
0x0000000061d60000 - 0x0000000061d71000 	C:\Program Files\Java\jre1.8.0_161\bin\nio.dll
0x00007ffe85850000 - 0x00007ffe85964000 	C:\Windows\System32\Windows.UI.dll
0x00007ffe87150000 - 0x00007ffe871c9000 	C:\Windows\System32\InputHost.dll
0x00000000619f0000 - 0x0000000061a32000 	C:\Program Files\Java\jre1.8.0_161\bin\t2k.dll
0x00007ffe8e620000 - 0x00007ffe8e7e9000 	C:\WINDOWS\SYSTEM32\dbghelp.dll

VM Arguments:
jvm_args: -Dfile.encoding=Cp1252 
java_command: com.cmbstnengine.game.GameLauncher
java_class_path (initial): C:\Program Files\Java\jre1.8.0_161\lib\resources.jar;C:\Program Files\Java\jre1.8.0_161\lib\rt.jar;C:\Program Files\Java\jre1.8.0_161\lib\jsse.jar;C:\Program Files\Java\jre1.8.0_161\lib\jce.jar;C:\Program Files\Java\jre1.8.0_161\lib\charsets.jar;C:\Program Files\Java\jre1.8.0_161\lib\jfr.jar;C:\Program Files\Java\jre1.8.0_161\lib\ext\access-bridge-64.jar;C:\Program Files\Java\jre1.8.0_161\lib\ext\cldrdata.jar;C:\Program Files\Java\jre1.8.0_161\lib\ext\dnsns.jar;C:\Program Files\Java\jre1.8.0_161\lib\ext\jaccess.jar;C:\Program Files\Java\jre1.8.0_161\lib\ext\jfxrt.jar;C:\Program Files\Java\jre1.8.0_161\lib\ext\localedata.jar;C:\Program Files\Java\jre1.8.0_161\lib\ext\nashorn.jar;C:\Program Files\Java\jre1.8.0_161\lib\ext\sunec.jar;C:\Program Files\Java\jre1.8.0_161\lib\ext\sunjce_provider.jar;C:\Program Files\Java\jre1.8.0_161\lib\ext\sunmscapi.jar;C:\Program Files\Java\jre1.8.0_161\lib\ext\sunpkcs11.jar;C:\Program Files\Java\jre1.8.0_161\lib\ext\zipfs.jar;C:\Users\maxfa\eclipse-workspace\RainDancer\bin
Launcher Type: SUN_STANDARD

Environment Variables:
JAVA_HOME=C:\Program Files (x86)\Java\jdk1.8.0_161
PATH=C:/Program Files/Java/jre1.8.0_161/bin/server;C:/Program Files/Java/jre1.8.0_161/bin;C:/Program Files/Java/jre1.8.0_161/lib/amd64;C:\Program Files (x86)\Razer Chroma SDK\bin;C:\Program Files\Razer Chroma SDK\bin;C:\ProgramData\Oracle\Java\javapath;C:\WINDOWS\system32;C:\WINDOWS;C:\WINDOWS\System32\Wbem;C:\WINDOWS\System32\WindowsPowerShell\v1.0\;C:\Users\maxfa\AppData\Local\Microsoft\WindowsApps;C:\Program Files\apache-maven-3.5.3\bin;;%SystemRoot%\system32;%SystemRoot%;%SystemRoot%\System32\Wbem;%SYSTEMROOT%\System32\WindowsPowerShell\v1.0\;%SYSTEMROOT%\System32\OpenSSH\;C:\Users\maxfa\AppData\Local\Microsoft\WindowsApps;;C:\WINDOWS\system32;
USERNAME=maxfa
OS=Windows_NT
PROCESSOR_IDENTIFIER=Intel64 Family 6 Model 94 Stepping 3, GenuineIntel



---------------  S Y S T E M  ---------------

OS: Windows 10.0 , 64 bit Build 17134 (10.0.17134.1)

CPU:total 4 (initial active 4) (4 cores per cpu, 1 threads per core) family 6 model 94 stepping 3, cmov, cx8, fxsr, mmx, sse, sse2, sse3, ssse3, sse4.1, sse4.2, popcnt, avx, avx2, aes, clmul, erms, 3dnowpref, lzcnt, tsc, tscinvbit, bmi1, bmi2, adx

Memory: 4k page, physical 8312492k(2798824k free), swap 13817516k(5504300k free)

vm_info: Java HotSpot(TM) 64-Bit Server VM (25.161-b12) for windows-amd64 JRE (1.8.0_161-b12), built on Dec 19 2017 17:52:25 by "java_re" with MS VC++ 10.0 (VS2010)

time: Wed Jun 20 17:45:34 2018
elapsed time: 92 seconds (0d 0h 1m 32s)

